        -:    0:Source:dominion.c
        -:    0:Graph:dominion.gcno
        -:    0:Data:dominion.gcda
        -:    0:Runs:1
        -:    0:Programs:1
        -:    1:#include "dominion.h"
        -:    2:#include "dominion_helpers.h"
        -:    3:#include "rngs.h"
        -:    4:#include <stdio.h>
        -:    5:#include <math.h>
        -:    6:#include <stdlib.h>
        -:    7:
     5995:    8:int compare(const void* a, const void* b) {
     5995:    9:  if (*(int*)a > *(int*)b)
     3041:   10:    return 1;
     2954:   11:  if (*(int*)a < *(int*)b)
     2954:   12:    return -1;
    #####:   13:  return 0;
        -:   14:}
        -:   15:
    #####:   16:struct gameState* newGame() {
    #####:   17:  struct gameState* g = malloc(sizeof(struct gameState));
    #####:   18:  return g;
        -:   19:}
        -:   20:
    #####:   21:int* kingdomCards(int k1, int k2, int k3, int k4, int k5, int k6, int k7,
        -:   22:		  int k8, int k9, int k10) {
    #####:   23:  int* k = malloc(10 * sizeof(int));
    #####:   24:  k[0] = k1;
    #####:   25:  k[1] = k2;
    #####:   26:  k[2] = k3;
    #####:   27:  k[3] = k4;
    #####:   28:  k[4] = k5;
    #####:   29:  k[5] = k6;
    #####:   30:  k[6] = k7;
    #####:   31:  k[7] = k8;
    #####:   32:  k[8] = k9;
    #####:   33:  k[9] = k10;
    #####:   34:  return k;
        -:   35:}
        -:   36:
    #####:   37:int initializeGame(int numPlayers, int kingdomCards[10], int randomSeed,
        -:   38:		   struct gameState *state) {
        -:   39:
        -:   40:  int i;
        -:   41:  int j;
        -:   42:  int it;			
        -:   43:  //set up random number generator
    #####:   44:  SelectStream(1);
    #####:   45:  PutSeed((long)randomSeed);
        -:   46:  
        -:   47:  //check number of players
    #####:   48:  if (numPlayers > MAX_PLAYERS || numPlayers < 2)
        -:   49:    {
    #####:   50:      return -1;
        -:   51:    }
        -:   52:
        -:   53:  //set number of players
    #####:   54:  state->numPlayers = numPlayers;
        -:   55:
        -:   56:  //check selected kingdom cards are different
    #####:   57:  for (i = 0; i < 10; i++)
        -:   58:    {
    #####:   59:      for (j = 0; j < 10; j++)
        -:   60:        {
    #####:   61:	  if (j != i && kingdomCards[j] == kingdomCards[i])
        -:   62:	    {
    #####:   63:	      return -1;
        -:   64:	    }
        -:   65:        }
        -:   66:    }
        -:   67:
        -:   68:
        -:   69:  //initialize supply
        -:   70:  ///////////////////////////////
        -:   71:
        -:   72:  //set number of Curse cards
    #####:   73:  if (numPlayers == 2)
        -:   74:    {
    #####:   75:      state->supplyCount[curse] = 10;
        -:   76:    }
    #####:   77:  else if (numPlayers == 3)
        -:   78:    {
    #####:   79:      state->supplyCount[curse] = 20;
        -:   80:    }
        -:   81:  else
        -:   82:    {
    #####:   83:      state->supplyCount[curse] = 30;
        -:   84:    }
        -:   85:
        -:   86:  //set number of Victory cards
    #####:   87:  if (numPlayers == 2)
        -:   88:    {
    #####:   89:      state->supplyCount[estate] = 8;
    #####:   90:      state->supplyCount[duchy] = 8;
    #####:   91:      state->supplyCount[province] = 8;
        -:   92:    }
        -:   93:  else
        -:   94:    {
    #####:   95:      state->supplyCount[estate] = 12;
    #####:   96:      state->supplyCount[duchy] = 12;
    #####:   97:      state->supplyCount[province] = 12;
        -:   98:    }
        -:   99:
        -:  100:  //set number of Treasure cards
    #####:  101:  state->supplyCount[copper] = 60 - (7 * numPlayers);
    #####:  102:  state->supplyCount[silver] = 40;
    #####:  103:  state->supplyCount[gold] = 30;
        -:  104:
        -:  105:  //set number of Kingdom cards
    #####:  106:  for (i = adventurer; i <= treasure_map; i++)       	//loop all cards
        -:  107:    {
    #####:  108:      for (j = 0; j < 10; j++)           		//loop chosen cards
        -:  109:	{
    #####:  110:	  if (kingdomCards[j] == i)
        -:  111:	    {
        -:  112:	      //check if card is a 'Victory' Kingdom card
    #####:  113:	      if (kingdomCards[j] == great_hall || kingdomCards[j] == gardens)
        -:  114:		{
    #####:  115:		  if (numPlayers == 2){ 
    #####:  116:		    state->supplyCount[i] = 8; 
        -:  117:		  }
    #####:  118:		  else{ state->supplyCount[i] = 12; }
        -:  119:		}
        -:  120:	      else
        -:  121:		{
    #####:  122:		  state->supplyCount[i] = 10;
        -:  123:		}
    #####:  124:	      break;
        -:  125:	    }
        -:  126:	  else    //card is not in the set choosen for the game
        -:  127:	    {
    #####:  128:	      state->supplyCount[i] = -1;
        -:  129:	    }
        -:  130:	}
        -:  131:
        -:  132:    }
        -:  133:
        -:  134:  ////////////////////////
        -:  135:  //supply intilization complete
        -:  136:
        -:  137:  //set player decks
    #####:  138:  for (i = 0; i < numPlayers; i++)
        -:  139:    {
    #####:  140:      state->deckCount[i] = 0;
    #####:  141:      for (j = 0; j < 3; j++)
        -:  142:	{
    #####:  143:	  state->deck[i][j] = estate;
    #####:  144:	  state->deckCount[i]++;
        -:  145:	}
    #####:  146:      for (j = 3; j < 10; j++)
        -:  147:	{
    #####:  148:	  state->deck[i][j] = copper;
    #####:  149:	  state->deckCount[i]++;		
        -:  150:	}
        -:  151:    }
        -:  152:
        -:  153:  //shuffle player decks
    #####:  154:  for (i = 0; i < numPlayers; i++)
        -:  155:    {
    #####:  156:      if ( shuffle(i, state) < 0 )
        -:  157:	{
    #####:  158:	  return -1;
        -:  159:	}
        -:  160:    }
        -:  161:
        -:  162:  //draw player hands
    #####:  163:  for (i = 0; i < numPlayers; i++)
        -:  164:    {  
        -:  165:      //initialize hand size to zero
    #####:  166:      state->handCount[i] = 0;
    #####:  167:      state->discardCount[i] = 0;
        -:  168:      //draw 5 cards
        -:  169:      // for (j = 0; j < 5; j++)
        -:  170:      //	{
        -:  171:      //	  drawCard(i, state);
        -:  172:      //	}
        -:  173:    }
        -:  174:  
        -:  175:  //set embargo tokens to 0 for all supply piles
    #####:  176:  for (i = 0; i <= treasure_map; i++)
        -:  177:    {
    #####:  178:      state->embargoTokens[i] = 0;
        -:  179:    }
        -:  180:
        -:  181:  //initialize first player's turn
    #####:  182:  state->outpostPlayed = 0;
    #####:  183:  state->phase = 0;
    #####:  184:  state->numActions = 1;
    #####:  185:  state->numBuys = 1;
    #####:  186:  state->playedCardCount = 0;
    #####:  187:  state->whoseTurn = 0;
    #####:  188:  state->handCount[state->whoseTurn] = 0;
        -:  189:  //int it; move to top
        -:  190:
        -:  191:  //Moved draw cards to here, only drawing at the start of a turn
    #####:  192:  for (it = 0; it < 5; it++){
    #####:  193:    drawCard(state->whoseTurn, state);
        -:  194:  }
        -:  195:
    #####:  196:  updateCoins(state->whoseTurn, state, 0);
        -:  197:
    #####:  198:  return 0;
        -:  199:}
        -:  200:
        2:  201:int shuffle(int player, struct gameState *state) {
        -:  202: 
        -:  203:
        -:  204:  int newDeck[MAX_DECK];
        2:  205:  int newDeckPos = 0;
        -:  206:  int card;
        -:  207:  int i;
        -:  208:
        2:  209:  if (state->deckCount[player] < 1)
    #####:  210:    return -1;
        2:  211:  qsort ((void*)(state->deck[player]), state->deckCount[player], sizeof(int), compare); 
        -:  212:  /* SORT CARDS IN DECK TO ENSURE DETERMINISM! */
        -:  213:
      813:  214:  while (state->deckCount[player] > 0) {
      809:  215:    card = floor(Random() * state->deckCount[player]);
      809:  216:    newDeck[newDeckPos] = state->deck[player][card];
      809:  217:    newDeckPos++;
    81722:  218:    for (i = card; i < state->deckCount[player]-1; i++) {
    80913:  219:      state->deck[player][i] = state->deck[player][i+1];
        -:  220:    }
      809:  221:    state->deckCount[player]--;
        -:  222:  }
      811:  223:  for (i = 0; i < newDeckPos; i++) {
      809:  224:    state->deck[player][i] = newDeck[i];
      809:  225:    state->deckCount[player]++;
        -:  226:  }
        -:  227:
        2:  228:  return 0;
        -:  229:}
        -:  230:
    #####:  231:int playCard(int handPos, int choice1, int choice2, int choice3, struct gameState *state) 
        -:  232:{	
        -:  233:  int card;
    #####:  234:  int coin_bonus = 0; 		//tracks coins gain from actions
        -:  235:
        -:  236:  //check if it is the right phase
    #####:  237:  if (state->phase != 0)
        -:  238:    {
    #####:  239:      return -1;
        -:  240:    }
        -:  241:	
        -:  242:  //check if player has enough actions
    #####:  243:  if ( state->numActions < 1 )
        -:  244:    {
    #####:  245:      return -1;
        -:  246:    }
        -:  247:	
        -:  248:  //get card played
    #####:  249:  card = handCard(handPos, state);
        -:  250:	
        -:  251:  //check if selected card is an action
    #####:  252:  if ( card < adventurer || card > treasure_map )
        -:  253:    {
    #####:  254:      return -1;
        -:  255:    }
        -:  256:	
        -:  257:  //play card
    #####:  258:  if ( cardEffect(card, choice1, choice2, choice3, state, handPos, &coin_bonus) < 0 )
        -:  259:    {
    #####:  260:      return -1;
        -:  261:    }
        -:  262:	
        -:  263:  //reduce number of actions
    #####:  264:  state->numActions--;
        -:  265:
        -:  266:  //update coins (Treasure cards may be added with card draws)
    #####:  267:  updateCoins(state->whoseTurn, state, coin_bonus);
        -:  268:	
    #####:  269:  return 0;
        -:  270:}
        -:  271:
    #####:  272:int buyCard(int supplyPos, struct gameState *state) {
        -:  273:  int who;
        -:  274:  if (DEBUG){
        -:  275:    printf("Entering buyCard...\n");
        -:  276:  }
        -:  277:
        -:  278:  // I don't know what to do about the phase thing.
        -:  279:
    #####:  280:  who = state->whoseTurn;
        -:  281:
    #####:  282:  if (state->numBuys < 1){
        -:  283:    if (DEBUG)
        -:  284:      printf("You do not have any buys left\n");
    #####:  285:    return -1;
    #####:  286:  } else if (supplyCount(supplyPos, state) <1){
        -:  287:    if (DEBUG)
        -:  288:      printf("There are not any of that type of card left\n");
    #####:  289:    return -1;
    #####:  290:  } else if (state->coins < getCost(supplyPos)){
        -:  291:    if (DEBUG) 
        -:  292:      printf("You do not have enough money to buy that. You have %d coins.\n", state->coins);
    #####:  293:    return -1;
        -:  294:  } else {
    #####:  295:    state->phase=1;
        -:  296:    //state->supplyCount[supplyPos]--;
    #####:  297:    gainCard(supplyPos, state, 0, who); //card goes in discard, this might be wrong.. (2 means goes into hand, 0 goes into discard)
        -:  298:  
    #####:  299:    state->coins = (state->coins) - (getCost(supplyPos));
    #####:  300:    state->numBuys--;
        -:  301:    if (DEBUG)
        -:  302:      printf("You bought card number %d for %d coins. You now have %d buys and %d coins.\n", supplyPos, getCost(supplyPos), state->numBuys, state->coins);
        -:  303:  }
        -:  304:
        -:  305:  //state->discard[who][state->discardCount[who]] = supplyPos;
        -:  306:  //state->discardCount[who]++;
        -:  307:    
    #####:  308:  return 0;
        -:  309:}
        -:  310:
    #####:  311:int numHandCards(struct gameState *state) {
    #####:  312:  return state->handCount[ whoseTurn(state) ];
        -:  313:}
        -:  314:
    #####:  315:int handCard(int handPos, struct gameState *state) {
    #####:  316:  int currentPlayer = whoseTurn(state);
    #####:  317:  return state->hand[currentPlayer][handPos];
        -:  318:}
        -:  319:
    #####:  320:int supplyCount(int card, struct gameState *state) {
    #####:  321:  return state->supplyCount[card];
        -:  322:}
        -:  323:
    #####:  324:int fullDeckCount(int player, int card, struct gameState *state) {
        -:  325:  int i;
    #####:  326:  int count = 0;
        -:  327:
    #####:  328:  for (i = 0; i < state->deckCount[player]; i++)
        -:  329:    {
    #####:  330:      if (state->deck[player][i] == card) count++;
        -:  331:    }
        -:  332:
    #####:  333:  for (i = 0; i < state->handCount[player]; i++)
        -:  334:    {
    #####:  335:      if (state->hand[player][i] == card) count++;
        -:  336:    }
        -:  337:
    #####:  338:  for (i = 0; i < state->discardCount[player]; i++)
        -:  339:    {
    #####:  340:      if (state->discard[player][i] == card) count++;
        -:  341:    }
        -:  342:
    #####:  343:  return count;
        -:  344:}
        -:  345:
    #####:  346:int whoseTurn(struct gameState *state) {
    #####:  347:  return state->whoseTurn;
        -:  348:}
        -:  349:
    #####:  350:int endTurn(struct gameState *state) {
        -:  351:  int k;
        -:  352:  int i;
    #####:  353:  int currentPlayer = whoseTurn(state);
        -:  354:  
        -:  355:  //Discard hand
    #####:  356:  for (i = 0; i < state->handCount[currentPlayer]; i++){
    #####:  357:    state->discard[currentPlayer][state->discardCount[currentPlayer]++] = state->hand[currentPlayer][i];//Discard
    #####:  358:    state->hand[currentPlayer][i] = -1;//Set card to -1
        -:  359:  }
    #####:  360:  state->handCount[currentPlayer] = 0;//Reset hand count
        -:  361:    
        -:  362:  //Code for determining the player
    #####:  363:  if (currentPlayer < (state->numPlayers - 1)){ 
    #####:  364:    state->whoseTurn = currentPlayer + 1;//Still safe to increment
        -:  365:  }
        -:  366:  else{
    #####:  367:    state->whoseTurn = 0;//Max player has been reached, loop back around to player 1
        -:  368:  }
        -:  369:
    #####:  370:  state->outpostPlayed = 0;
    #####:  371:  state->phase = 0;
    #####:  372:  state->numActions = 1;
    #####:  373:  state->coins = 0;
    #####:  374:  state->numBuys = 1;
    #####:  375:  state->playedCardCount = 0;
    #####:  376:  state->handCount[state->whoseTurn] = 0;
        -:  377:
        -:  378:  //int k; move to top
        -:  379:  //Next player draws hand
    #####:  380:  for (k = 0; k < 5; k++){
    #####:  381:    drawCard(state->whoseTurn, state);//Draw a card
        -:  382:  }
        -:  383:
        -:  384:  //Update money
    #####:  385:  updateCoins(state->whoseTurn, state , 0);
        -:  386:
    #####:  387:  return 0;
        -:  388:}
        -:  389:
    #####:  390:int isGameOver(struct gameState *state) {
        -:  391:  int i;
        -:  392:  int j;
        -:  393:	
        -:  394:  //if stack of Province cards is empty, the game ends
    #####:  395:  if (state->supplyCount[province] == 0)
        -:  396:    {
    #####:  397:      return 1;
        -:  398:    }
        -:  399:
        -:  400:  //if three supply pile are at 0, the game ends
    #####:  401:  j = 0;
    #####:  402:  for (i = 0; i < 25; i++)
        -:  403:    {
    #####:  404:      if (state->supplyCount[i] == 0)
        -:  405:	{
    #####:  406:	  j++;
        -:  407:	}
        -:  408:    }
    #####:  409:  if ( j >= 3)
        -:  410:    {
    #####:  411:      return 1;
        -:  412:    }
        -:  413:
    #####:  414:  return 0;
        -:  415:}
        -:  416:
    #####:  417:int scoreFor (int player, struct gameState *state) {
        -:  418:
        -:  419:  int i;
    #####:  420:  int score = 0;
        -:  421:  //score from hand
    #####:  422:  for (i = 0; i < state->handCount[player]; i++)
        -:  423:    {
    #####:  424:      if (state->hand[player][i] == curse) { score = score - 1; };
    #####:  425:      if (state->hand[player][i] == estate) { score = score + 1; };
    #####:  426:      if (state->hand[player][i] == duchy) { score = score + 3; };
    #####:  427:      if (state->hand[player][i] == province) { score = score + 6; };
    #####:  428:      if (state->hand[player][i] == great_hall) { score = score + 1; };
    #####:  429:      if (state->hand[player][i] == gardens) { score = score + ( fullDeckCount(player, 0, state) / 10 ); };
        -:  430:    }
        -:  431:
        -:  432:  //score from discard
    #####:  433:  for (i = 0; i < state->discardCount[player]; i++)
        -:  434:    {
    #####:  435:      if (state->discard[player][i] == curse) { score = score - 1; };
    #####:  436:      if (state->discard[player][i] == estate) { score = score + 1; };
    #####:  437:      if (state->discard[player][i] == duchy) { score = score + 3; };
    #####:  438:      if (state->discard[player][i] == province) { score = score + 6; };
    #####:  439:      if (state->discard[player][i] == great_hall) { score = score + 1; };
    #####:  440:      if (state->discard[player][i] == gardens) { score = score + ( fullDeckCount(player, 0, state) / 10 ); };
        -:  441:    }
        -:  442:
        -:  443:  //score from deck
    #####:  444:  for (i = 0; i < state->discardCount[player]; i++)
        -:  445:    {
    #####:  446:      if (state->deck[player][i] == curse) { score = score - 1; };
    #####:  447:      if (state->deck[player][i] == estate) { score = score + 1; };
    #####:  448:      if (state->deck[player][i] == duchy) { score = score + 3; };
    #####:  449:      if (state->deck[player][i] == province) { score = score + 6; };
    #####:  450:      if (state->deck[player][i] == great_hall) { score = score + 1; };
    #####:  451:      if (state->deck[player][i] == gardens) { score = score + ( fullDeckCount(player, 0, state) / 10 ); };
        -:  452:    }
        -:  453:
    #####:  454:  return score;
        -:  455:}
        -:  456:
    #####:  457:int getWinners(int players[MAX_PLAYERS], struct gameState *state) {
        -:  458:  int i;	
        -:  459:  int j;
        -:  460:  int highScore;
        -:  461:  int currentPlayer;
        -:  462:
        -:  463:  //get score for each player
    #####:  464:  for (i = 0; i < MAX_PLAYERS; i++)
        -:  465:    {
        -:  466:      //set unused player scores to -9999
    #####:  467:      if (i >= state->numPlayers)
        -:  468:	{
    #####:  469:	  players[i] = -9999;
        -:  470:	}
        -:  471:      else
        -:  472:	{
    #####:  473:	  players[i] = scoreFor (i, state);
        -:  474:	}
        -:  475:    }
        -:  476:
        -:  477:  //find highest score
    #####:  478:  j = 0;
    #####:  479:  for (i = 0; i < MAX_PLAYERS; i++)
        -:  480:    {
    #####:  481:      if (players[i] > players[j])
        -:  482:	{
    #####:  483:	  j = i;
        -:  484:	}
        -:  485:    }
    #####:  486:  highScore = players[j];
        -:  487:
        -:  488:  //add 1 to players who had less turns
    #####:  489:  currentPlayer = whoseTurn(state);
    #####:  490:  for (i = 0; i < MAX_PLAYERS; i++)
        -:  491:    {
    #####:  492:      if ( players[i] == highScore && i > currentPlayer )
        -:  493:	{
    #####:  494:	  players[i]++;
        -:  495:	}
        -:  496:    }
        -:  497:
        -:  498:  //find new highest score
    #####:  499:  j = 0;
    #####:  500:  for (i = 0; i < MAX_PLAYERS; i++)
        -:  501:    {
    #####:  502:      if ( players[i] > players[j] )
        -:  503:	{
    #####:  504:	  j = i;
        -:  505:	}
        -:  506:    }
    #####:  507:  highScore = players[j];
        -:  508:
        -:  509:  //set winners in array to 1 and rest to 0
    #####:  510:  for (i = 0; i < MAX_PLAYERS; i++)
        -:  511:    {
    #####:  512:      if ( players[i] == highScore )
        -:  513:	{
    #####:  514:	  players[i] = 1;
        -:  515:	}
        -:  516:      else
        -:  517:	{
    #####:  518:	  players[i] = 0;
        -:  519:	}
        -:  520:    }
        -:  521:
    #####:  522:  return 0;
        -:  523:}
        -:  524:
     2000:  525:int drawCard(int player, struct gameState *state)
        -:  526:{	int count;
        -:  527:  int deckCounter;
     2000:  528:  if (state->deckCount[player] <= 0){//Deck is empty
        -:  529:    
        -:  530:    //Step 1 Shuffle the discard pile back into a deck
        -:  531:    int i;
        -:  532:    //Move discard to deck
      811:  533:    for (i = 0; i < state->discardCount[player];i++){
      809:  534:      state->deck[player][i] = state->discard[player][i];
      809:  535:      state->discard[player][i] = -1;
        -:  536:    }
        -:  537:
        2:  538:    state->deckCount[player] = state->discardCount[player];
        2:  539:    state->discardCount[player] = 0;//Reset discard
        -:  540:
        -:  541:    //Shufffle the deck
        2:  542:    shuffle(player, state);//Shuffle the deck up and make it so that we can draw
        -:  543:   
        -:  544:    if (DEBUG){//Debug statements
        -:  545:      printf("Deck count now: %d\n", state->deckCount[player]);
        -:  546:    }
        -:  547:    
        2:  548:    state->discardCount[player] = 0;
        -:  549:
        -:  550:    //Step 2 Draw Card
        2:  551:    count = state->handCount[player];//Get current player's hand count
        -:  552:    
        -:  553:    if (DEBUG){//Debug statements
        -:  554:      printf("Current hand count: %d\n", count);
        -:  555:    }
        -:  556:    
        2:  557:    deckCounter = state->deckCount[player];//Create a holder for the deck count
        -:  558:
        2:  559:    if (deckCounter == 0)
    #####:  560:      return -1;
        -:  561:
        2:  562:    state->hand[player][count] = state->deck[player][deckCounter - 1];//Add card to hand
        2:  563:    state->deckCount[player]--;
        2:  564:    state->handCount[player]++;//Increment hand count
        -:  565:  }
        -:  566:
        -:  567:  else{
     1998:  568:    int count = state->handCount[player];//Get current hand count for player
        -:  569:    int deckCounter;
        -:  570:    if (DEBUG){//Debug statements
        -:  571:      printf("Current hand count: %d\n", count);
        -:  572:    }
        -:  573:
     1998:  574:    deckCounter = state->deckCount[player];//Create holder for the deck count
     1998:  575:    state->hand[player][count] = state->deck[player][deckCounter - 1];//Add card to the hand
     1998:  576:    state->deckCount[player]--;
     1998:  577:    state->handCount[player]++;//Increment hand count
        -:  578:  }
        -:  579:
     2000:  580:  return 0;
        -:  581:}
        -:  582:
    #####:  583:int getCost(int cardNumber)
        -:  584:{
    #####:  585:  switch( cardNumber ) 
        -:  586:    {
        -:  587:    case curse:
    #####:  588:      return 0;
        -:  589:    case estate:
    #####:  590:      return 2;
        -:  591:    case duchy:
    #####:  592:      return 5;
        -:  593:    case province:
    #####:  594:      return 8;
        -:  595:    case copper:
    #####:  596:      return 0;
        -:  597:    case silver:
    #####:  598:      return 3;
        -:  599:    case gold:
    #####:  600:      return 6;
        -:  601:    case adventurer:
    #####:  602:      return 6;
        -:  603:    case council_room:
    #####:  604:      return 5;
        -:  605:    case feast:
    #####:  606:      return 4;
        -:  607:    case gardens:
    #####:  608:      return 4;
        -:  609:    case mine:
    #####:  610:      return 5;
        -:  611:    case remodel:
    #####:  612:      return 4;
        -:  613:    case smithy:
    #####:  614:      return 4;
        -:  615:    case village:
    #####:  616:      return 3;
        -:  617:    case baron:
    #####:  618:      return 4;
        -:  619:    case great_hall:
    #####:  620:      return 3;
        -:  621:    case minion:
    #####:  622:      return 5;
        -:  623:    case steward:
    #####:  624:      return 3;
        -:  625:    case tribute:
    #####:  626:      return 5;
        -:  627:    case ambassador:
    #####:  628:      return 3;
        -:  629:    case cutpurse:
    #####:  630:      return 4;
        -:  631:    case embargo: 
    #####:  632:      return 2;
        -:  633:    case outpost:
    #####:  634:      return 5;
        -:  635:    case salvager:
    #####:  636:      return 4;
        -:  637:    case sea_hag:
    #####:  638:      return 4;
        -:  639:    case treasure_map:
    #####:  640:      return 4;
        -:  641:    }
        -:  642:	
    #####:  643:  return -1;
        -:  644:}
        -:  645:
        -:  646:  
        -:  647:/*** Assignment2: Refractored card functions ***/
        -:  648:
        -:  649://Smithy, necessary parameters and int i counter
        -:  650://Bug: i <= 3 instead of i < 3
    #####:  651:int refactored_smithy(int currentPlayer, struct gameState *state, int handPos){
        -:  652:  //+3 Cards
        -:  653:  int i;
    #####:  654:  for (i = 0; i <= 3; i++)
        -:  655:  {
    #####:  656:    drawCard(currentPlayer, state);
        -:  657:  }
        -:  658:  //discard card from hand
    #####:  659:  discardCard(handPos, currentPlayer, state, 0);
    #####:  660:  return 0;
        -:  661:}
        -:  662:
        -:  663://Adventurer, necessary parameters
        -:  664://Bug: cardDrawn = state->hand[currentPlayer][state->handCount[currentPlayer-1]]
    #####:  665:int refactored_adventurer(int currentPlayer, struct gameState *state, int drawntreasure, int cardDrawn, int *temphand, int z){
    #####:  666:  while(drawntreasure<2){
    #####:  667:    if (state->deckCount[currentPlayer] <1){//if the deck is empty we need to shuffle discard and add to deck
    #####:  668:	  shuffle(currentPlayer, state);
        -:  669:    }
    #####:  670:    drawCard(currentPlayer, state);
    #####:  671:    cardDrawn = state->hand[currentPlayer][state->handCount[currentPlayer]];//top card of hand is most recently drawn card.
    #####:  672:    if (cardDrawn == copper || cardDrawn == silver || cardDrawn == gold)
    #####:  673:      drawntreasure++;
        -:  674:    else {
    #####:  675:      temphand[z]=cardDrawn;
    #####:  676:      state->handCount[currentPlayer]--; //this should just remove the top card (the most recently drawn one).
    #####:  677:	  z++;
        -:  678:    }
        -:  679:  }
    #####:  680:  while(z-1>=0){
    #####:  681:    state->discard[currentPlayer][state->discardCount[currentPlayer]++]=temphand[z-1]; // discard all cards in play that have been drawn
    #####:  682:    z=z-1;
        -:  683:  }
    #####:  684:  return 0;
        -:  685:}
        -:  686:
        -:  687://Village, necessary parameters
        -:  688://Bug: + 5 Actions instead of + 2
    #####:  689:int refactored_village(int currentPlayer, struct gameState *state, int handPos){
        -:  690:  //+1 Card
    #####:  691:  drawCard(currentPlayer, state);
        -:  692:			
        -:  693:  //+2 Actions
    #####:  694:  state->numActions = state->numActions + 5;
        -:  695:			
        -:  696:  //discard played card from hand
    #####:  697:  discardCard(handPos, currentPlayer, state, 0);
    #####:  698:  return 0;
        -:  699:}
        -:  700:
        -:  701://Salvager, necessary parameters
    #####:  702:int refactored_salvager(int currentPlayer, struct gameState *state, int handPos, int choice1){
        -:  703:  //+1 buy
    #####:  704:  state->numBuys++;
        -:  705:			
    #####:  706:  if (choice1)
        -:  707:  {
        -:  708:	//gain coins equal to trashed card
    #####:  709:	state->coins = state->coins + getCost( handCard(choice1, state) );
        -:  710:	//trash card
    #####:  711:	discardCard(choice1, currentPlayer, state, 1);	
        -:  712:  }
        -:  713:			
        -:  714:  //discard card
    #####:  715:  discardCard(handPos, currentPlayer, state, 0);
    #####:  716:  return 0;
        -:  717:}
        -:  718:
        -:  719://Minion, necessary parameters and int i, j counters
        -:  720://Bug: if ( state->handCount[i] > 0 ) instead of if ( state->handCount[i] > 4 )
    #####:  721:int refactored_minion(int currentPlayer, struct gameState *state, int handPos, int choice1, int choice2){
        -:  722:  int i, j;
        -:  723:  //+1 action
    #####:  724:  state->numActions++;
        -:  725:			
        -:  726:  //discard card from hand
    #####:  727:  discardCard(handPos, currentPlayer, state, 0);
        -:  728:			
    #####:  729:  if (choice1)		//+2 coins
        -:  730:  {
    #####:  731:    state->coins = state->coins + 2;
        -:  732:  }
        -:  733:			
    #####:  734:  else if (choice2)		//discard hand, redraw 4, other players with 5+ cards discard hand and draw 4
        -:  735:  {
        -:  736:    //discard hand
    #####:  737:	while(numHandCards(state) > 0)
        -:  738:	{
    #####:  739:	  discardCard(handPos, currentPlayer, state, 0);
        -:  740:	}
        -:  741:				
        -:  742:	//draw 4
    #####:  743:	for (i = 0; i < 4; i++)
        -:  744:    {
    #####:  745:	  drawCard(currentPlayer, state);
        -:  746:	}
        -:  747:				
        -:  748:	//other players discard hand and redraw if hand size > 4
    #####:  749:	for (i = 0; i < state->numPlayers; i++)
        -:  750:	{
    #####:  751:	  if (i != currentPlayer)
        -:  752:      {
    #####:  753:	    if ( state->handCount[i] > 0 )
        -:  754:		{
        -:  755:		  //discard hand
    #####:  756:		  while( state->handCount[i] > 0 )
        -:  757:		  {
    #####:  758:		    discardCard(handPos, i, state, 0);
        -:  759:		  }					
        -:  760:		  //draw 4
    #####:  761:		  for (j = 0; j < 4; j++)
        -:  762:		  {
    #####:  763:		    drawCard(i, state);
        -:  764:		  }
        -:  765:		}
        -:  766:	  }
        -:  767:	}			
        -:  768:  }
    #####:  769:  return 0;
        -:  770:}
        -:  771:
    #####:  772:int cardEffect(int card, int choice1, int choice2, int choice3, struct gameState *state, int handPos, int *bonus)
        -:  773:{
        -:  774:  int i;
        -:  775:  int j;
        -:  776:  int k;
        -:  777:  int x;
        -:  778:  int index;
    #####:  779:  int currentPlayer = whoseTurn(state);
    #####:  780:  int nextPlayer = currentPlayer + 1;
        -:  781:
    #####:  782:  int tributeRevealedCards[2] = {-1, -1};
        -:  783:  int temphand[MAX_HAND];// moved above the if statement
    #####:  784:  int drawntreasure=0;
        -:  785:  int cardDrawn;
    #####:  786:  int z = 0;// this is the counter for the temp hand
    #####:  787:  if (nextPlayer > (state->numPlayers - 1)){
    #####:  788:    nextPlayer = 0;
        -:  789:  }
        -:  790:
        -:  791:
        -:  792:  //uses switch to select card and perform actions
    #####:  793:  switch( card ) 
        -:  794:    {
        -:  795:    case adventurer:
        -:  796:      //call refactored adventurer function
    #####:  797:	  return refactored_adventurer(currentPlayer, state, drawntreasure, cardDrawn, temphand, z);
        -:  798: 
        -:  799:    case council_room:
        -:  800:      //+4 Cards
    #####:  801:      for (i = 0; i < 4; i++)
        -:  802:	{
    #####:  803:	  drawCard(currentPlayer, state);
        -:  804:	}
        -:  805:			
        -:  806:      //+1 Buy
    #####:  807:      state->numBuys++;
        -:  808:			
        -:  809:      //Each other player draws a card
    #####:  810:      for (i = 0; i < state->numPlayers; i++)
        -:  811:	{
    #####:  812:	  if ( i != currentPlayer )
        -:  813:	    {
    #####:  814:	      drawCard(i, state);
        -:  815:	    }
        -:  816:	}
        -:  817:			
        -:  818:      //put played card in played card pile
    #####:  819:      discardCard(handPos, currentPlayer, state, 0);
        -:  820:			
    #####:  821:      return 0;
        -:  822:			
        -:  823:    case feast:
        -:  824:      //gain card with cost up to 5
        -:  825:      //Backup hand
    #####:  826:      for (i = 0; i <= state->handCount[currentPlayer]; i++){
    #####:  827:	temphand[i] = state->hand[currentPlayer][i];//Backup card
    #####:  828:	state->hand[currentPlayer][i] = -1;//Set to nothing
        -:  829:      }
        -:  830:      //Backup hand
        -:  831:
        -:  832:      //Update Coins for Buy
    #####:  833:      updateCoins(currentPlayer, state, 5);
    #####:  834:      x = 1;//Condition to loop on
    #####:  835:      while( x == 1) {//Buy one card
    #####:  836:	if (supplyCount(choice1, state) <= 0){
        -:  837:	  if (DEBUG)
        -:  838:	    printf("None of that card left, sorry!\n");
        -:  839:
        -:  840:	  if (DEBUG){
        -:  841:	    printf("Cards Left: %d\n", supplyCount(choice1, state));
        -:  842:	  }
        -:  843:	}
    #####:  844:	else if (state->coins < getCost(choice1)){
    #####:  845:	  printf("That card is too expensive!\n");
        -:  846:
        -:  847:	  if (DEBUG){
        -:  848:	    printf("Coins: %d < %d\n", state->coins, getCost(choice1));
        -:  849:	  }
        -:  850:	}
        -:  851:	else{
        -:  852:
        -:  853:	  if (DEBUG){
        -:  854:	    printf("Deck Count: %d\n", state->handCount[currentPlayer] + state->deckCount[currentPlayer] + state->discardCount[currentPlayer]);
        -:  855:	  }
        -:  856:
    #####:  857:	  gainCard(choice1, state, 0, currentPlayer);//Gain the card
    #####:  858:	  x = 0;//No more buying cards
        -:  859:
        -:  860:	  if (DEBUG){
        -:  861:	    printf("Deck Count: %d\n", state->handCount[currentPlayer] + state->deckCount[currentPlayer] + state->discardCount[currentPlayer]);
        -:  862:	  }
        -:  863:
        -:  864:	}
        -:  865:      }     
        -:  866:
        -:  867:      //Reset Hand
    #####:  868:      for (i = 0; i <= state->handCount[currentPlayer]; i++){
    #####:  869:	state->hand[currentPlayer][i] = temphand[i];
    #####:  870:	temphand[i] = -1;
        -:  871:      }
        -:  872:      //Reset Hand
        -:  873:      			
    #####:  874:      return 0;
        -:  875:			
        -:  876:    case gardens:
    #####:  877:      return -1;
        -:  878:			
        -:  879:    case mine:
    #####:  880:      j = state->hand[currentPlayer][choice1];  //store card we will trash
        -:  881:
    #####:  882:      if (state->hand[currentPlayer][choice1] < copper || state->hand[currentPlayer][choice1] > gold)
        -:  883:	{
    #####:  884:	  return -1;
        -:  885:	}
        -:  886:		
    #####:  887:      if (choice2 > treasure_map || choice2 < curse)
        -:  888:	{
    #####:  889:	  return -1;
        -:  890:	}
        -:  891:
    #####:  892:      if ( (getCost(state->hand[currentPlayer][choice1]) + 3) > getCost(choice2) )
        -:  893:	{
    #####:  894:	  return -1;
        -:  895:	}
        -:  896:
    #####:  897:      gainCard(choice2, state, 2, currentPlayer);
        -:  898:
        -:  899:      //discard card from hand
    #####:  900:      discardCard(handPos, currentPlayer, state, 0);
        -:  901:
        -:  902:      //discard trashed card
    #####:  903:      for (i = 0; i < state->handCount[currentPlayer]; i++)
        -:  904:	{
    #####:  905:	  if (state->hand[currentPlayer][i] == j)
        -:  906:	    {
    #####:  907:	      discardCard(i, currentPlayer, state, 0);			
    #####:  908:	      break;
        -:  909:	    }
        -:  910:	}
        -:  911:			
    #####:  912:      return 0;
        -:  913:			
        -:  914:    case remodel:
    #####:  915:      j = state->hand[currentPlayer][choice1];  //store card we will trash
        -:  916:
    #####:  917:      if ( (getCost(state->hand[currentPlayer][choice1]) + 2) > getCost(choice2) )
        -:  918:	{
    #####:  919:	  return -1;
        -:  920:	}
        -:  921:
    #####:  922:      gainCard(choice2, state, 0, currentPlayer);
        -:  923:
        -:  924:      //discard card from hand
    #####:  925:      discardCard(handPos, currentPlayer, state, 0);
        -:  926:
        -:  927:      //discard trashed card
    #####:  928:      for (i = 0; i < state->handCount[currentPlayer]; i++)
        -:  929:	{
    #####:  930:	  if (state->hand[currentPlayer][i] == j)
        -:  931:	    {
    #####:  932:	      discardCard(i, currentPlayer, state, 0);			
    #####:  933:	      break;
        -:  934:	    }
        -:  935:	}
        -:  936:
        -:  937:
    #####:  938:      return 0;
        -:  939:		
        -:  940:    case smithy:
    #####:  941:      return refactored_smithy(currentPlayer, state, handPos);
        -:  942:
        -:  943:    case village:
    #####:  944:  	  return refactored_village(currentPlayer, state, handPos);
        -:  945:
        -:  946:    case baron:
    #####:  947:      state->numBuys++;//Increase buys by 1!
    #####:  948:      if (choice1 > 0){//Boolean true or going to discard an estate
    #####:  949:	int p = 0;//Iterator for hand!
    #####:  950:	int card_not_discarded = 1;//Flag for discard set!
    #####:  951:	while(card_not_discarded){
    #####:  952:	  if (state->hand[currentPlayer][p] == estate){//Found an estate card!
    #####:  953:	    state->coins += 4;//Add 4 coins to the amount of coins
    #####:  954:	    state->discard[currentPlayer][state->discardCount[currentPlayer]] = state->hand[currentPlayer][p];
    #####:  955:	    state->discardCount[currentPlayer]++;
    #####:  956:	    for (;p < state->handCount[currentPlayer]; p++){
    #####:  957:	      state->hand[currentPlayer][p] = state->hand[currentPlayer][p+1];
        -:  958:	    }
    #####:  959:	    state->hand[currentPlayer][state->handCount[currentPlayer]] = -1;
    #####:  960:	    state->handCount[currentPlayer]--;
    #####:  961:	    card_not_discarded = 0;//Exit the loop
        -:  962:	  }
    #####:  963:	  else if (p > state->handCount[currentPlayer]){
        -:  964:	    if(DEBUG) {
        -:  965:	      printf("No estate cards in your hand, invalid choice\n");
        -:  966:	      printf("Must gain an estate if there are any\n");
        -:  967:	    }
    #####:  968:	    if (supplyCount(estate, state) > 0){
    #####:  969:	      gainCard(estate, state, 0, currentPlayer);
    #####:  970:	      state->supplyCount[estate]--;//Decrement estates
    #####:  971:	      if (supplyCount(estate, state) == 0){
    #####:  972:		isGameOver(state);
        -:  973:	      }
        -:  974:	    }
    #####:  975:	    card_not_discarded = 0;//Exit the loop
        -:  976:	  }
        -:  977:			    
        -:  978:	  else{
    #####:  979:	    p++;//Next card
        -:  980:	  }
        -:  981:	}
        -:  982:      }
        -:  983:			    
        -:  984:      else{
    #####:  985:	if (supplyCount(estate, state) > 0){
    #####:  986:	  gainCard(estate, state, 0, currentPlayer);//Gain an estate
    #####:  987:	  state->supplyCount[estate]--;//Decrement Estates
    #####:  988:	  if (supplyCount(estate, state) == 0){
    #####:  989:	    isGameOver(state);
        -:  990:	  }
        -:  991:	}
        -:  992:      }
        -:  993:	    
        -:  994:      
    #####:  995:      return 0;
        -:  996:		
        -:  997:    case great_hall:
        -:  998:      //+1 Card
    #####:  999:      drawCard(currentPlayer, state);
        -: 1000:			
        -: 1001:      //+1 Actions
    #####: 1002:      state->numActions++;
        -: 1003:			
        -: 1004:      //discard card from hand
    #####: 1005:      discardCard(handPos, currentPlayer, state, 0);
    #####: 1006:      return 0;
        -: 1007:		
        -: 1008:    case minion:
    #####: 1009:	  return refactored_minion(currentPlayer, state, handPos, choice1, choice2);
        -: 1010:	
        -: 1011:    case steward:
    #####: 1012:      if (choice1 == 1)
        -: 1013:	{
        -: 1014:	  //+2 cards
    #####: 1015:	  drawCard(currentPlayer, state);
    #####: 1016:	  drawCard(currentPlayer, state);
        -: 1017:	}
    #####: 1018:      else if (choice1 == 2)
        -: 1019:	{
        -: 1020:	  //+2 coins
    #####: 1021:	  state->coins = state->coins + 2;
        -: 1022:	}
        -: 1023:      else
        -: 1024:	{
        -: 1025:	  //trash 2 cards in hand
    #####: 1026:	  discardCard(choice2, currentPlayer, state, 1);
    #####: 1027:	  discardCard(choice3, currentPlayer, state, 1);
        -: 1028:	}
        -: 1029:			
        -: 1030:      //discard card from hand
    #####: 1031:      discardCard(handPos, currentPlayer, state, 0);
    #####: 1032:      return 0;
        -: 1033:		
        -: 1034:    case tribute:
    #####: 1035:      if ((state->discardCount[nextPlayer] + state->deckCount[nextPlayer]) <= 1){
    #####: 1036:	if (state->deckCount[nextPlayer] > 0){
    #####: 1037:	  tributeRevealedCards[0] = state->deck[nextPlayer][state->deckCount[nextPlayer]-1];
    #####: 1038:	  state->deckCount[nextPlayer]--;
        -: 1039:	}
    #####: 1040:	else if (state->discardCount[nextPlayer] > 0){
    #####: 1041:	  tributeRevealedCards[0] = state->discard[nextPlayer][state->discardCount[nextPlayer]-1];
    #####: 1042:	  state->discardCount[nextPlayer]--;
        -: 1043:	}
        -: 1044:	else{
        -: 1045:	  //No Card to Reveal
        -: 1046:	  if (DEBUG){
        -: 1047:	    printf("No cards to reveal\n");
        -: 1048:	  }
        -: 1049:	}
        -: 1050:      }
        -: 1051:	    
        -: 1052:      else{
    #####: 1053:	if (state->deckCount[nextPlayer] == 0){
    #####: 1054:	  for (i = 0; i < state->discardCount[nextPlayer]; i++){
    #####: 1055:	    state->deck[nextPlayer][i] = state->discard[nextPlayer][i];//Move to deck
    #####: 1056:	    state->deckCount[nextPlayer]++;
    #####: 1057:	    state->discard[nextPlayer][i] = -1;
    #####: 1058:	    state->discardCount[nextPlayer]--;
        -: 1059:	  }
        -: 1060:			    
    #####: 1061:	  shuffle(nextPlayer,state);//Shuffle the deck
        -: 1062:	} 
    #####: 1063:	tributeRevealedCards[0] = state->deck[nextPlayer][state->deckCount[nextPlayer]-1];
    #####: 1064:	state->deck[nextPlayer][state->deckCount[nextPlayer]--] = -1;
    #####: 1065:	state->deckCount[nextPlayer]--;
    #####: 1066:	tributeRevealedCards[1] = state->deck[nextPlayer][state->deckCount[nextPlayer]-1];
    #####: 1067:	state->deck[nextPlayer][state->deckCount[nextPlayer]--] = -1;
    #####: 1068:	state->deckCount[nextPlayer]--;
        -: 1069:      }    
        -: 1070:		       
    #####: 1071:      if (tributeRevealedCards[0] == tributeRevealedCards[1]){//If we have a duplicate card, just drop one 
    #####: 1072:	state->playedCards[state->playedCardCount] = tributeRevealedCards[1];
    #####: 1073:	state->playedCardCount++;
    #####: 1074:	tributeRevealedCards[1] = -1;
        -: 1075:      }
        -: 1076:
    #####: 1077:      for (i = 0; i <= 2; i ++){
    #####: 1078:	if (tributeRevealedCards[i] == copper || tributeRevealedCards[i] == silver || tributeRevealedCards[i] == gold){//Treasure cards
    #####: 1079:	  state->coins += 2;
        -: 1080:	}
        -: 1081:		    
    #####: 1082:	else if (tributeRevealedCards[i] == estate || tributeRevealedCards[i] == duchy || tributeRevealedCards[i] == province || tributeRevealedCards[i] == gardens || tributeRevealedCards[i] == great_hall){//Victory Card Found
    #####: 1083:	  drawCard(currentPlayer, state);
    #####: 1084:	  drawCard(currentPlayer, state);
        -: 1085:	}
        -: 1086:	else{//Action Card
    #####: 1087:	  state->numActions = state->numActions + 2;
        -: 1088:	}
        -: 1089:      }
        -: 1090:	    
    #####: 1091:      return 0;
        -: 1092:		
        -: 1093:    case ambassador:
    #####: 1094:      j = 0;		//used to check if player has enough cards to discard
        -: 1095:
    #####: 1096:      if (choice2 > 2 || choice2 < 0)
        -: 1097:	{
    #####: 1098:	  return -1;				
        -: 1099:	}
        -: 1100:
    #####: 1101:      if (choice1 == handPos)
        -: 1102:	{
    #####: 1103:	  return -1;
        -: 1104:	}
        -: 1105:
    #####: 1106:      for (i = 0; i < state->handCount[currentPlayer]; i++)
        -: 1107:	{
    #####: 1108:	  if (i != handPos && i == state->hand[currentPlayer][choice1] && i != choice1)
        -: 1109:	    {
    #####: 1110:	      j++;
        -: 1111:	    }
        -: 1112:	}
    #####: 1113:      if (j < choice2)
        -: 1114:	{
    #####: 1115:	  return -1;				
        -: 1116:	}
        -: 1117:
        -: 1118:      if (DEBUG) 
        -: 1119:	printf("Player %d reveals card number: %d\n", currentPlayer, state->hand[currentPlayer][choice1]);
        -: 1120:
        -: 1121:      //increase supply count for choosen card by amount being discarded
    #####: 1122:      state->supplyCount[state->hand[currentPlayer][choice1]] += choice2;
        -: 1123:			
        -: 1124:      //each other player gains a copy of revealed card
    #####: 1125:      for (i = 0; i < state->numPlayers; i++)
        -: 1126:	{
    #####: 1127:	  if (i != currentPlayer)
        -: 1128:	    {
    #####: 1129:	      gainCard(state->hand[currentPlayer][choice1], state, 0, i);
        -: 1130:	    }
        -: 1131:	}
        -: 1132:
        -: 1133:      //discard played card from hand
    #####: 1134:      discardCard(handPos, currentPlayer, state, 0);			
        -: 1135:
        -: 1136:      //trash copies of cards returned to supply
    #####: 1137:      for (j = 0; j < choice2; j++)
        -: 1138:	{
    #####: 1139:	  for (i = 0; i < state->handCount[currentPlayer]; i++)
        -: 1140:	    {
    #####: 1141:	      if (state->hand[currentPlayer][i] == state->hand[currentPlayer][choice1])
        -: 1142:		{
    #####: 1143:		  discardCard(i, currentPlayer, state, 1);
    #####: 1144:		  break;
        -: 1145:		}
        -: 1146:	    }
        -: 1147:	}			
        -: 1148:
    #####: 1149:      return 0;
        -: 1150:		
        -: 1151:    case cutpurse:
        -: 1152:
    #####: 1153:      updateCoins(currentPlayer, state, 2);
    #####: 1154:      for (i = 0; i < state->numPlayers; i++)
        -: 1155:	{
    #####: 1156:	  if (i != currentPlayer)
        -: 1157:	    {
    #####: 1158:	      for (j = 0; j < state->handCount[i]; j++)
        -: 1159:		{
    #####: 1160:		  if (state->hand[i][j] == copper)
        -: 1161:		    {
    #####: 1162:		      discardCard(j, i, state, 0);
    #####: 1163:		      break;
        -: 1164:		    }
    #####: 1165:		  if (j == state->handCount[i])
        -: 1166:		    {
    #####: 1167:		      for (k = 0; k < state->handCount[i]; k++)
        -: 1168:			{
        -: 1169:			  if (DEBUG)
        -: 1170:			    printf("Player %d reveals card number %d\n", i, state->hand[i][k]);
        -: 1171:			}	
    #####: 1172:		      break;
        -: 1173:		    }		
        -: 1174:		}
        -: 1175:					
        -: 1176:	    }
        -: 1177:				
        -: 1178:	}				
        -: 1179:
        -: 1180:      //discard played card from hand
    #####: 1181:      discardCard(handPos, currentPlayer, state, 0);			
        -: 1182:
    #####: 1183:      return 0;
        -: 1184:
        -: 1185:		
        -: 1186:    case embargo: 
        -: 1187:      //+2 Coins
    #####: 1188:      state->coins = state->coins + 2;
        -: 1189:			
        -: 1190:      //see if selected pile is in play
    #####: 1191:      if ( state->supplyCount[choice1] == -1 )
        -: 1192:	{
    #####: 1193:	  return -1;
        -: 1194:	}
        -: 1195:			
        -: 1196:      //add embargo token to selected supply pile
    #####: 1197:      state->embargoTokens[choice1]++;
        -: 1198:			
        -: 1199:      //trash card
    #####: 1200:      discardCard(handPos, currentPlayer, state, 1);		
    #####: 1201:      return 0;
        -: 1202:		
        -: 1203:    case outpost:
        -: 1204:      //set outpost flag
    #####: 1205:      state->outpostPlayed++;
        -: 1206:			
        -: 1207:      //discard card
    #####: 1208:      discardCard(handPos, currentPlayer, state, 0);
    #####: 1209:      return 0;
        -: 1210:		
        -: 1211:    case salvager:
    #####: 1212:      return refactored_salvager(currentPlayer, state, handPos, choice1);		
        -: 1213:
        -: 1214:
        -: 1215:    case sea_hag:
    #####: 1216:      for (i = 0; i < state->numPlayers; i++){
    #####: 1217:	if (i != currentPlayer){
    #####: 1218:	  state->discard[i][state->discardCount[i]] = state->deck[i][state->deckCount[i]--];			    state->deckCount[i]--;
    #####: 1219:	  state->discardCount[i]++;
    #####: 1220:	  state->deck[i][state->deckCount[i]--] = curse;//Top card now a curse
        -: 1221:	}
        -: 1222:      }
    #####: 1223:      return 0;
        -: 1224:		
        -: 1225:    case treasure_map:
        -: 1226:      //search hand for another treasure_map
    #####: 1227:      index = -1;
    #####: 1228:      for (i = 0; i < state->handCount[currentPlayer]; i++)
        -: 1229:	{
    #####: 1230:	  if (state->hand[currentPlayer][i] == treasure_map && i != handPos)
        -: 1231:	    {
    #####: 1232:	      index = i;
    #####: 1233:	      break;
        -: 1234:	    }
        -: 1235:	}
    #####: 1236:      if (index > -1)
        -: 1237:	{
        -: 1238:	  //trash both treasure cards
    #####: 1239:	  discardCard(handPos, currentPlayer, state, 1);
    #####: 1240:	  discardCard(index, currentPlayer, state, 1);
        -: 1241:
        -: 1242:	  //gain 4 Gold cards
    #####: 1243:	  for (i = 0; i < 4; i++)
        -: 1244:	    {
    #####: 1245:	      gainCard(gold, state, 1, currentPlayer);
        -: 1246:	    }
        -: 1247:				
        -: 1248:	  //return success
    #####: 1249:	  return 1;
        -: 1250:	}
        -: 1251:			
        -: 1252:      //no second treasure_map found in hand
    #####: 1253:      return -1;
        -: 1254:    }
        -: 1255:	
    #####: 1256:  return -1;
        -: 1257:}
        -: 1258:
    #####: 1259:int discardCard(int handPos, int currentPlayer, struct gameState *state, int trashFlag)
        -: 1260:{
        -: 1261:	
        -: 1262:  //if card is not trashed, added to Played pile 
    #####: 1263:  if (trashFlag < 1)
        -: 1264:    {
        -: 1265:      //add card to played pile
    #####: 1266:      state->playedCards[state->playedCardCount] = state->hand[currentPlayer][handPos]; 
    #####: 1267:      state->playedCardCount++;
        -: 1268:    }
        -: 1269:	
        -: 1270:  //set played card to -1
    #####: 1271:  state->hand[currentPlayer][handPos] = -1;
        -: 1272:	
        -: 1273:  //remove card from player's hand
    #####: 1274:  if ( handPos == (state->handCount[currentPlayer] - 1) ) 	//last card in hand array is played
        -: 1275:    {
        -: 1276:      //reduce number of cards in hand
    #####: 1277:      state->handCount[currentPlayer]--;
        -: 1278:    }
    #####: 1279:  else if ( state->handCount[currentPlayer] == 1 ) //only one card in hand
        -: 1280:    {
        -: 1281:      //reduce number of cards in hand
    #####: 1282:      state->handCount[currentPlayer]--;
        -: 1283:    }
        -: 1284:  else 	
        -: 1285:    {
        -: 1286:      //replace discarded card with last card in hand
    #####: 1287:      state->hand[currentPlayer][handPos] = state->hand[currentPlayer][ (state->handCount[currentPlayer] - 1)];
        -: 1288:      //set last card to -1
    #####: 1289:      state->hand[currentPlayer][state->handCount[currentPlayer] - 1] = -1;
        -: 1290:      //reduce number of cards in hand
    #####: 1291:      state->handCount[currentPlayer]--;
        -: 1292:    }
        -: 1293:	
    #####: 1294:  return 0;
        -: 1295:}
        -: 1296:
    #####: 1297:int gainCard(int supplyPos, struct gameState *state, int toFlag, int player)
        -: 1298:{
        -: 1299:  //Note: supplyPos is enum of choosen card
        -: 1300:	
        -: 1301:  //check if supply pile is empty (0) or card is not used in game (-1)
    #####: 1302:  if ( supplyCount(supplyPos, state) < 1 )
        -: 1303:    {
    #####: 1304:      return -1;
        -: 1305:    }
        -: 1306:	
        -: 1307:  //added card for [whoseTurn] current player:
        -: 1308:  // toFlag = 0 : add to discard
        -: 1309:  // toFlag = 1 : add to deck
        -: 1310:  // toFlag = 2 : add to hand
        -: 1311:
    #####: 1312:  if (toFlag == 1)
        -: 1313:    {
    #####: 1314:      state->deck[ player ][ state->deckCount[player] ] = supplyPos;
    #####: 1315:      state->deckCount[player]++;
        -: 1316:    }
    #####: 1317:  else if (toFlag == 2)
        -: 1318:    {
    #####: 1319:      state->hand[ player ][ state->handCount[player] ] = supplyPos;
    #####: 1320:      state->handCount[player]++;
        -: 1321:    }
        -: 1322:  else
        -: 1323:    {
    #####: 1324:      state->discard[player][ state->discardCount[player] ] = supplyPos;
    #####: 1325:      state->discardCount[player]++;
        -: 1326:    }
        -: 1327:	
        -: 1328:  //decrease number in supply pile
    #####: 1329:  state->supplyCount[supplyPos]--;
        -: 1330:	 
    #####: 1331:  return 0;
        -: 1332:}
        -: 1333:
    #####: 1334:int updateCoins(int player, struct gameState *state, int bonus)
        -: 1335:{
        -: 1336:  int i;
        -: 1337:	
        -: 1338:  //reset coin count
    #####: 1339:  state->coins = 0;
        -: 1340:
        -: 1341:  //add coins for each Treasure card in player's hand
    #####: 1342:  for (i = 0; i < state->handCount[player]; i++)
        -: 1343:    {
    #####: 1344:      if (state->hand[player][i] == copper)
        -: 1345:	{
    #####: 1346:	  state->coins += 1;
        -: 1347:	}
    #####: 1348:      else if (state->hand[player][i] == silver)
        -: 1349:	{
    #####: 1350:	  state->coins += 2;
        -: 1351:	}
    #####: 1352:      else if (state->hand[player][i] == gold)
        -: 1353:	{
    #####: 1354:	  state->coins += 3;
        -: 1355:	}	
        -: 1356:    }	
        -: 1357:
        -: 1358:  //add bonus
    #####: 1359:  state->coins += bonus;
        -: 1360:
    #####: 1361:  return 0;
        -: 1362:}
        -: 1363:
        -: 1364:
        -: 1365://end of dominion.c
        -: 1366:
